0 info it worked if it ends with ok
1 verbose cli [ '/usr/bin/nodejs', '/usr/bin/npm', 'install', '-g', 'bower' ]
2 info using npm@3.5.2
3 info using node@v4.2.6
4 silly loadCurrentTree Starting
5 silly install loadCurrentTree
6 silly install readGlobalPackageData
7 silly fetchPackageMetaData bower
8 silly fetchNamedPackageData bower
9 silly mapToRegistry name bower
10 silly mapToRegistry using default registry
11 silly mapToRegistry registry https://registry.npmjs.org/
12 silly mapToRegistry uri https://registry.npmjs.org/bower
13 verbose request uri https://registry.npmjs.org/bower
14 verbose request no auth needed
15 info attempt registry request try #1 at 1:32:33 PM
16 verbose request id 7ceaf355746065b2
17 http request GET https://registry.npmjs.org/bower
18 http 200 https://registry.npmjs.org/bower
19 verbose headers { date: 'Thu, 05 Dec 2019 06:32:36 GMT',
19 verbose headers   'content-type': 'application/json',
19 verbose headers   'transfer-encoding': 'chunked',
19 verbose headers   connection: 'keep-alive',
19 verbose headers   'set-cookie': [ '__cfduid=dfcd436fd78c20ed284b1a2d7c70252391575527556; expires=Sat, 04-Jan-20 06:32:36 GMT; path=/; domain=.npmjs.org; HttpOnly' ],
19 verbose headers   'cf-ray': '5403fbdab97e84d0-HKG',
19 verbose headers   'cf-cache-status': 'HIT',
19 verbose headers   'cache-control': 'public, max-age=300',
19 verbose headers   age: '1745',
19 verbose headers   etag: 'W/"71888cd2306c54797547fb58b5974b6a"',
19 verbose headers   'last-modified': 'Thu, 31 Jan 2019 15:30:23 GMT',
19 verbose headers   vary: 'accept-encoding, accept',
19 verbose headers   'expect-ct': 'max-age=604800, report-uri="https://report-uri.cloudflare.com/cdn-cgi/beacon/expect-ct"',
19 verbose headers   server: 'cloudflare',
19 verbose headers   'content-encoding': 'gzip' }
20 silly get cb [ 200,
20 silly get   { date: 'Thu, 05 Dec 2019 06:32:36 GMT',
20 silly get     'content-type': 'application/json',
20 silly get     'transfer-encoding': 'chunked',
20 silly get     connection: 'keep-alive',
20 silly get     'set-cookie': [ '__cfduid=dfcd436fd78c20ed284b1a2d7c70252391575527556; expires=Sat, 04-Jan-20 06:32:36 GMT; path=/; domain=.npmjs.org; HttpOnly' ],
20 silly get     'cf-ray': '5403fbdab97e84d0-HKG',
20 silly get     'cf-cache-status': 'HIT',
20 silly get     'cache-control': 'public, max-age=300',
20 silly get     age: '1745',
20 silly get     etag: 'W/"71888cd2306c54797547fb58b5974b6a"',
20 silly get     'last-modified': 'Thu, 31 Jan 2019 15:30:23 GMT',
20 silly get     vary: 'accept-encoding, accept',
20 silly get     'expect-ct': 'max-age=604800, report-uri="https://report-uri.cloudflare.com/cdn-cgi/beacon/expect-ct"',
20 silly get     server: 'cloudflare',
20 silly get     'content-encoding': 'gzip' } ]
21 verbose get saving bower to /home/thuando/.npm/registry.npmjs.org/bower/.cache.json
22 verbose makeDirectory /home/thuando/.npm creation not in flight; initializing
23 silly makeDirectory /home/thuando/.npm uid: 1000 gid: 1000
24 silly install normalizeTree
25 silly loadCurrentTree Finishing
26 silly loadIdealTree Starting
27 silly install loadIdealTree
28 silly cloneCurrentTree Starting
29 silly install cloneCurrentTreeToIdealTree
30 silly cloneCurrentTree Finishing
31 silly loadShrinkwrap Starting
32 silly install loadShrinkwrap
33 silly loadShrinkwrap Finishing
34 silly loadAllDepsIntoIdealTree Starting
35 silly install loadAllDepsIntoIdealTree
36 silly resolveWithNewModule bower@1.8.8 checking installable status
37 silly cache add args [ 'bower', null ]
38 verbose cache add spec bower
39 silly cache add parsed spec Result {
39 silly cache add   raw: 'bower',
39 silly cache add   scope: null,
39 silly cache add   name: 'bower',
39 silly cache add   rawSpec: '',
39 silly cache add   spec: 'latest',
39 silly cache add   type: 'tag' }
40 silly addNamed bower@latest
41 verbose addNamed "latest" is being treated as a dist-tag for bower
42 info addNameTag [ 'bower', 'latest' ]
43 silly mapToRegistry name bower
44 silly mapToRegistry using default registry
45 silly mapToRegistry registry https://registry.npmjs.org/
46 silly mapToRegistry uri https://registry.npmjs.org/bower
47 verbose addNameTag registry:https://registry.npmjs.org/bower not in flight; fetching
48 verbose get https://registry.npmjs.org/bower not expired, no request
49 silly addNameTag next cb for bower with tag latest
50 silly addNamed bower@1.8.8
51 verbose addNamed "1.8.8" is a plain semver version for bower
52 warn deprecated bower@1.8.8: We don't recommend using Bower for new projects. Please consider Yarn and Webpack or Parcel. You can read how to migrate legacy project here: https://bower.io/blog/2017/how-to-migrate-away-from-bower/
53 silly mapToRegistry name bower
54 silly mapToRegistry using default registry
55 silly mapToRegistry registry https://registry.npmjs.org/
56 silly mapToRegistry uri https://registry.npmjs.org/bower
57 verbose addRemoteTarball https://registry.npmjs.org/bower/-/bower-1.8.8.tgz not in flight; adding
58 verbose addRemoteTarball [ 'https://registry.npmjs.org/bower/-/bower-1.8.8.tgz',
58 verbose addRemoteTarball   '82544be34a33aeae7efb8bdf9905247b2cffa985' ]
59 info retry fetch attempt 1 at 1:32:36 PM
60 info attempt registry request try #1 at 1:32:36 PM
61 http fetch GET https://registry.npmjs.org/bower/-/bower-1.8.8.tgz
62 http fetch 200 https://registry.npmjs.org/bower/-/bower-1.8.8.tgz
63 silly fetchAndShaCheck shasum 82544be34a33aeae7efb8bdf9905247b2cffa985
64 verbose addTmpTarball /tmp/npm-11992-ac50284c/registry.npmjs.org/bower/-/bower-1.8.8.tgz not in flight; adding
65 verbose addTmpTarball already have metadata; skipping unpack for bower@1.8.8
66 silly cache afterAdd bower@1.8.8
67 verbose afterAdd /home/thuando/.npm/bower/1.8.8/package/package.json not in flight; writing
68 verbose afterAdd /home/thuando/.npm/bower/1.8.8/package/package.json written
69 silly loadAllDepsIntoIdealTree Finishing
70 silly idealTree:prePrune lib
70 silly idealTree:prePrune └── bower@1.8.8
71 silly loadIdealTree Finishing
72 silly currentTree lib
73 silly idealTree lib
73 silly idealTree └── bower@1.8.8
74 silly generateActionsToTake Starting
75 silly install generateActionsToTake
76 warn checkPermissions Missing write access to /usr/local/lib
77 silly rollbackFailedOptional Starting
78 silly rollbackFailedOptional Finishing
79 silly runTopLevelLifecycles Starting
80 silly runTopLevelLifecycles Finishing
81 silly install printInstalled
82 verbose stack Error: EACCES: permission denied, access '/usr/local/lib'
82 verbose stack     at Error (native)
83 verbose cwd /var/www/html/fact-link.local/public_html
84 error Linux 4.15.0-70-generic
85 error argv "/usr/bin/nodejs" "/usr/bin/npm" "install" "-g" "bower"
86 error node v4.2.6
87 error npm  v3.5.2
88 error path /usr/local/lib
89 error code EACCES
90 error errno -13
91 error syscall access
92 error Error: EACCES: permission denied, access '/usr/local/lib'
92 error     at Error (native)
92 error  { [Error: EACCES: permission denied, access '/usr/local/lib']
92 error   errno: -13,
92 error   code: 'EACCES',
92 error   syscall: 'access',
92 error   path: '/usr/local/lib' }
93 error Please try running this command again as root/Administrator.
94 verbose exit [ -13, true ]
